<?xml version="1.0" encoding="UTF-8"?>
<!-- Generated by org.testng.reporters.JUnitReportReporter -->
<testsuite skipped="0" hostname="Dinesh-PC" name="thirdTest.ThirdTest" tests="1" failures="0" timestamp="10 Feb 2019 07:23:59 GMT" time="9.514" errors="0">
  <testcase name="logintest" time="9.514" classname="thirdTest.ThirdTest"/>
</testsuite> <!-- thirdTest.ThirdTest -->
