<?xml version="1.0" encoding="UTF-8"?>
<!-- Generated by org.testng.reporters.JUnitReportReporter -->
<testsuite skipped="0" hostname="Dinesh-PC" name="secondTest.SecondTest" tests="1" failures="0" timestamp="10 Feb 2019 07:23:59 GMT" time="11.783" errors="0">
  <testcase name="loginsecondtest" time="11.783" classname="secondTest.SecondTest"/>
</testsuite> <!-- secondTest.SecondTest -->
