<?xml version="1.0" encoding="UTF-8"?>
<!-- Generated by org.testng.reporters.JUnitReportReporter -->
<testsuite name="secondTest.SecondTest" tests="1" time="10.126" ignored="0" failures="0" timestamp="10 Feb 2019 07:54:47 GMT" skipped="0" hostname="Dinesh-PC" errors="0">
  <testcase name="loginsecondtest" time="10.126" classname="secondTest.SecondTest"/>
</testsuite> <!-- secondTest.SecondTest -->
